# JRE version: Java(TM) SE Runtime Environment (9.0+11) (build 9.0.4+11)
# Java VM: Java HotSpot(TM) 64-Bit Server VM (9.0.4+11, mixed mode, tiered, compressed oops, g1 gc, windows-amd64)
Heap:
 garbage-first heap   total 161792K, used 142382K [0x0000000700000000, 0x00000007001004f0, 0x00000007c0000000)
  region size 1024K, 51 young (52224K), 0 survivors (0K)
 Metaspace       used 85949K, capacity 92280K, committed 92464K, reserved 1128448K
  class space    used 11672K, capacity 12764K, committed 12848K, reserved 1048576K
GC Heap History (10 events):
Event: 394.213 GC heap before
{Heap before GC invocations=254 (full 80):
 garbage-first heap   total 161792K, used 151076K [0x0000000700000000, 0x00000007001004f0, 0x00000007c0000000)
  region size 1024K, 60 young (61440K), 2 survivors (2048K)
 Metaspace       used 85707K, capacity 92024K, committed 92208K, reserved 1128448K
  class space    used 11672K, capacity 12764K, committed 12848K, reserved 1048576K
}
Event: 394.217 GC heap after
{Heap after GC invocations=255 (full 80):
 garbage-first heap   total 161792K, used 91680K [0x0000000700000000, 0x00000007001004f0, 0x00000007c0000000)
  region size 1024K, 2 young (2048K), 2 survivors (2048K)
 Metaspace       used 85707K, capacity 92024K, committed 92208K, reserved 1128448K
  class space    used 11672K, capacity 12764K, committed 12848K, reserved 1048576K
}
Event: 395.529 GC heap before
{Heap before GC invocations=256 (full 80):
 garbage-first heap   total 161792K, used 151072K [0x0000000700000000, 0x00000007001004f0, 0x00000007c0000000)
  region size 1024K, 60 young (61440K), 2 survivors (2048K)
 Metaspace       used 85781K, capacity 92088K, committed 92208K, reserved 1128448K
  class space    used 11672K, capacity 12764K, committed 12848K, reserved 1048576K
}
Event: 395.532 GC heap after
{Heap after GC invocations=257 (full 80):
 garbage-first heap   total 161792K, used 91952K [0x0000000700000000, 0x00000007001004f0, 0x00000007c0000000)
  region size 1024K, 3 young (3072K), 3 survivors (3072K)
 Metaspace       used 85781K, capacity 92088K, committed 92208K, reserved 1128448K
  class space    used 11672K, capacity 12764K, committed 12848K, reserved 1048576K
}
Event: 396.794 GC heap before
{Heap before GC invocations=257 (full 80):
 garbage-first heap   total 161792K, used 150320K [0x0000000700000000, 0x00000007001004f0, 0x00000007c0000000)
  region size 1024K, 60 young (61440K), 3 survivors (3072K)
 Metaspace       used 85885K, capacity 92216K, committed 92464K, reserved 1128448K
  class space    used 11672K, capacity 12764K, committed 12848K, reserved 1048576K
}
Event: 396.798 GC heap after
{Heap after GC invocations=258 (full 80):
 garbage-first heap   total 161792K, used 93134K [0x0000000700000000, 0x00000007001004f0, 0x00000007c0000000)
  region size 1024K, 4 young (4096K), 4 survivors (4096K)
 Metaspace       used 85885K, capacity 92216K, committed 92464K, reserved 1128448K
  class space    used 11672K, capacity 12764K, committed 12848K, reserved 1048576K
}
Event: 399.096 GC heap before
{Heap before GC invocations=259 (full 80):
 garbage-first heap   total 161792K, used 146382K [0x0000000700000000, 0x00000007001004f0, 0x00000007c0000000)
  region size 1024K, 57 young (58368K), 4 survivors (4096K)
 Metaspace       used 85903K, capacity 92216K, committed 92464K, reserved 1128448K
  class space    used 11672K, capacity 12764K, committed 12848K, reserved 1048576K
}
Event: 399.099 GC heap after
{Heap after GC invocations=260 (full 80):
 garbage-first heap   total 161792K, used 93199K [0x0000000700000000, 0x00000007001004f0, 0x00000007c0000000)
  region size 1024K, 4 young (4096K), 4 survivors (4096K)
 Metaspace       used 85903K, capacity 92216K, committed 92464K, reserved 1128448K
  class space    used 11672K, capacity 12764K, committed 12848K, reserved 1048576K
}
Event: 399.202 GC heap before
{Heap before GC invocations=261 (full 80):
 garbage-first heap   total 161792K, used 102415K [0x0000000700000000, 0x00000007001004f0, 0x00000007c0000000)
  region size 1024K, 11 young (11264K), 4 survivors (4096K)
 Metaspace       used 85928K, capacity 92280K, committed 92464K, reserved 1128448K
  class space    used 11672K, capacity 12764K, committed 12848K, reserved 1048576K
}
Event: 399.383 GC heap after
{Heap after GC invocations=262 (full 81):
 garbage-first heap   total 161792K, used 91182K [0x0000000700000000, 0x00000007001004f0, 0x00000007c0000000)
  region size 1024K, 0 young (0K), 0 survivors (0K)
 Metaspace       used 85928K, capacity 92280K, committed 92464K, reserved 1128448K
  class space    used 11672K, capacity 12764K, committed 12848K, reserved 1048576K
}

