# JRE version: Java(TM) SE Runtime Environment (9.0+11) (build 9.0.4+11)
# Java VM: Java HotSpot(TM) 64-Bit Server VM (9.0.4+11, mixed mode, tiered, compressed oops, g1 gc, windows-amd64)
Heap:
 garbage-first heap   total 273408K, used 195280K [0x0000000700000000, 0x0000000700100858, 0x00000007c0000000)
  region size 1024K, 54 young (55296K), 5 survivors (5120K)
 Metaspace       used 86374K, capacity 88140K, committed 96176K, reserved 1132544K
  class space    used 10933K, capacity 11330K, committed 12976K, reserved 1048576K
GC Heap History (10 events):
Event: 3967.405 GC heap before
{Heap before GC invocations=966 (full 400):
 garbage-first heap   total 273408K, used 201978K [0x0000000700000000, 0x0000000700100858, 0x00000007c0000000)
  region size 1024K, 60 young (61440K), 4 survivors (4096K)
 Metaspace       used 86353K, capacity 88076K, committed 96176K, reserved 1132544K
  class space    used 10933K, capacity 11330K, committed 12976K, reserved 1048576K
}
Event: 3967.408 GC heap after
{Heap after GC invocations=967 (full 400):
 garbage-first heap   total 273408K, used 145084K [0x0000000700000000, 0x0000000700100858, 0x00000007c0000000)
  region size 1024K, 4 young (4096K), 4 survivors (4096K)
 Metaspace       used 86353K, capacity 88076K, committed 96176K, reserved 1132544K
  class space    used 10933K, capacity 11330K, committed 12976K, reserved 1048576K
}
Event: 3968.455 GC heap before
{Heap before GC invocations=968 (full 400):
 garbage-first heap   total 273408K, used 202428K [0x0000000700000000, 0x0000000700100858, 0x00000007c0000000)
  region size 1024K, 60 young (61440K), 4 survivors (4096K)
 Metaspace       used 86355K, capacity 88076K, committed 96176K, reserved 1132544K
  class space    used 10933K, capacity 11330K, committed 12976K, reserved 1048576K
}
Event: 3968.458 GC heap after
{Heap after GC invocations=969 (full 400):
 garbage-first heap   total 273408K, used 145920K [0x0000000700000000, 0x0000000700100858, 0x00000007c0000000)
  region size 1024K, 5 young (5120K), 5 survivors (5120K)
 Metaspace       used 86355K, capacity 88076K, committed 96176K, reserved 1132544K
  class space    used 10933K, capacity 11330K, committed 12976K, reserved 1048576K
}
Event: 3968.580 GC heap before
{Heap before GC invocations=969 (full 400):
 garbage-first heap   total 273408K, used 202240K [0x0000000700000000, 0x0000000700100858, 0x00000007c0000000)
  region size 1024K, 60 young (61440K), 5 survivors (5120K)
 Metaspace       used 86355K, capacity 88076K, committed 96176K, reserved 1132544K
  class space    used 10933K, capacity 11330K, committed 12976K, reserved 1048576K
}
Event: 3968.583 GC heap after
{Heap after GC invocations=970 (full 400):
 garbage-first heap   total 273408K, used 145433K [0x0000000700000000, 0x0000000700100858, 0x00000007c0000000)
  region size 1024K, 4 young (4096K), 4 survivors (4096K)
 Metaspace       used 86355K, capacity 88076K, committed 96176K, reserved 1132544K
  class space    used 10933K, capacity 11330K, committed 12976K, reserved 1048576K
}
Event: 3969.290 GC heap before
{Heap before GC invocations=971 (full 400):
 garbage-first heap   total 273408K, used 202777K [0x0000000700000000, 0x0000000700100858, 0x00000007c0000000)
  region size 1024K, 60 young (61440K), 4 survivors (4096K)
 Metaspace       used 86360K, capacity 88140K, committed 96176K, reserved 1132544K
  class space    used 10933K, capacity 11330K, committed 12976K, reserved 1048576K
}
Event: 3969.293 GC heap after
{Heap after GC invocations=972 (full 400):
 garbage-first heap   total 273408K, used 145592K [0x0000000700000000, 0x0000000700100858, 0x00000007c0000000)
  region size 1024K, 4 young (4096K), 4 survivors (4096K)
 Metaspace       used 86360K, capacity 88140K, committed 96176K, reserved 1132544K
  class space    used 10933K, capacity 11330K, committed 12976K, reserved 1048576K
}
Event: 3970.486 GC heap before
{Heap before GC invocations=972 (full 400):
 garbage-first heap   total 273408K, used 202936K [0x0000000700000000, 0x0000000700100858, 0x00000007c0000000)
  region size 1024K, 60 young (61440K), 4 survivors (4096K)
 Metaspace       used 86373K, capacity 88140K, committed 96176K, reserved 1132544K
  class space    used 10933K, capacity 11330K, committed 12976K, reserved 1048576K
}
Event: 3970.490 GC heap after
{Heap after GC invocations=973 (full 400):
 garbage-first heap   total 273408K, used 146128K [0x0000000700000000, 0x0000000700100858, 0x00000007c0000000)
  region size 1024K, 5 young (5120K), 5 survivors (5120K)
 Metaspace       used 86373K, capacity 88140K, committed 96176K, reserved 1132544K
  class space    used 10933K, capacity 11330K, committed 12976K, reserved 1048576K
}

